---------------------------------------------------------------------------------
      name:  <unnamed>
       log:  C:\Users\LukasGrahl\Documents\GIT\econometrics22\log\layoff_discr_4_
> fe.log
  log type:  text
 opened on:   8 Dec 2022, 17:24:29

. 
. use "data\layoff_discr\cps_main_prepro.dta", clear

. 
. *tab unemployement by race and month
. tabulate race_cat is_layoff, row nofreq chi2

           |       is_layoff
  race_cat |         0          1 |     Total
-----------+----------------------+----------
     asian |     90.40       9.60 |    100.00 
      hisp |     94.67       5.33 |    100.00 
    native |     88.03      11.97 |    100.00 
       poc |     89.42      10.58 |    100.00 
     white |     92.22       7.78 |    100.00 
-----------+----------------------+----------
     Total |     91.77       8.23 |    100.00 

          Pearson chi2(4) = 116.9967   Pr = 0.000

. 
. /*##########################################
> Assumption check
> ##########################################*/
. 
. *corr matrix
. correlate /// 
> gender is_poc is_asian is_hisp is_native ///
> age age2 new_deathpm new_casespm ///
> is_citiz level_educ hh_income contract_type owns_business is_more1job no_child 
> marista housing_kind
(obs=83,288)

             |   gender   is_poc is_asian  is_hisp is_nat~e      age     age2
-------------+---------------------------------------------------------------
      gender |   1.0000
      is_poc |   0.0651   1.0000
    is_asian |  -0.0087  -0.0846   1.0000
     is_hisp |   0.0031  -0.0102  -0.0075   1.0000
   is_native |   0.0060  -0.0411  -0.0301  -0.0036   1.0000
         age |   0.0044  -0.0389  -0.0386  -0.0014  -0.0224   1.0000
        age2 |   0.0043  -0.0393  -0.0437  -0.0019  -0.0235   0.9857   1.0000
 new_deathpm |   0.0080   0.0412   0.0075  -0.0118  -0.0305   0.0059   0.0054
 new_casespm |   0.0059   0.0576   0.0083  -0.0152  -0.0395   0.0056   0.0043
    is_citiz |  -0.0534  -0.0089   0.2149  -0.0028   0.0060  -0.0672  -0.0763
  level_educ |   0.0766  -0.0558   0.1115  -0.0024  -0.0408   0.0512   0.0323
   hh_income |  -0.0558  -0.1422   0.0547  -0.0066  -0.0419   0.0594   0.0380
contract_t~e |   0.1416  -0.0047  -0.0216   0.0035  -0.0006   0.0418   0.0901
owns_busin~s |   0.0396   0.0747   0.0129   0.0028   0.0193  -0.1277  -0.1328
 is_more1job |  -0.0138  -0.0032   0.0135   0.0007   0.0062  -0.0049  -0.0006
    no_child |  -0.0264  -0.0130   0.0189  -0.0010   0.0203  -0.1999  -0.2422
     marista |   0.0598   0.1458  -0.0345   0.0134   0.0181  -0.3586  -0.3159
housing_kind |  -0.0066  -0.0097  -0.0404  -0.0059   0.0160  -0.0077  -0.0073

             | new_de~m new_ca~m is_citiz level_~c hh_inc~e contra~e owns_b~s
-------------+---------------------------------------------------------------
 new_deathpm |   1.0000
 new_casespm |   0.6273   1.0000
    is_citiz |   0.0118   0.0168   1.0000
  level_educ |   0.0486   0.0651  -0.1419   1.0000
   hh_income |   0.0590   0.0721  -0.0857   0.3545   1.0000
contract_t~e |  -0.0172  -0.0228  -0.0073  -0.0919  -0.1505   1.0000
owns_busin~s |   0.0181   0.0234   0.0370  -0.0501  -0.0920  -0.0759   1.0000
 is_more1job |   0.0183   0.0174   0.0262  -0.0493  -0.0187   0.0299   0.1527
    no_child |  -0.0125  -0.0123   0.0731   0.0239   0.0524  -0.0672  -0.0133
     marista |   0.0136   0.0229  -0.0339  -0.0944  -0.2835   0.0627   0.1263
housing_kind |  -0.0287  -0.0437   0.0211  -0.1477  -0.1342   0.0205   0.0316

             | is_mor~b no_child  marista housin~d
-------------+------------------------------------
 is_more1job |   1.0000
    no_child |  -0.0105   1.0000
     marista |   0.0018  -0.2945   1.0000
housing_kind |   0.0116  -0.0010   0.0275   1.0000


. 
. * new_casespm ~ new_deathpm corr .6
. * hh_income ~ level_educ corr .35
. * marista ~ age corr .35
. * age ~ age2 corr .98
. * is_citiz * is_asian .38
. 
. 
. * check number of clusters
. tabulate us_state naic_2dig

           |                        naic_id
  us_state |        11         22         33         44         55 |     Total
-----------+-------------------------------------------------------+----------
        AL |        15         96         13        120         47 |     1,657 
        AK |        12         99          0         75         32 |       971 
        AZ |         9        116          5         85         57 |     1,264 
        AR |        36        101          9         95         33 |     1,461 
        CA |       127        518         37        420        195 |     6,928 
        CO |        21        111          7         69         40 |     1,088 
        CT |         2         53         12         29         46 |       839 
        DE |        15         66          1         36         49 |       828 
        DC |         0         49          0         31         52 |     1,369 
        FL |        25        316         11        209        108 |     3,403 
        GA |        23        110         23        150         44 |     1,773 
        HI |        16         65          4         56         27 |     1,016 
        ID |        73        102         12         56         23 |     1,446 
        IL |        11         93         24        151         98 |     2,190 
        IN |        18         78         19         91         42 |     1,461 
        IA |        54         68          6         78         48 |     1,106 
        KS |        45         92          8         60         44 |     1,167 
        KY |        20         63          8         64         37 |       924 
        LA |        15        195         11        101         68 |     1,793 
        ME |        17         39          5         25         26 |       688 
        MD |         7         86          1         29         40 |     1,095 
        MA |         8        107          5         72         87 |     1,817 
        MI |        31        111         23         92         39 |     1,963 
        MN |        34         90         21         67         63 |     1,289 
        MS |        49        129         12         86         45 |     1,389 
        MO |        35         89          6         73         42 |     1,205 
        MT |       118        138          1         64         34 |     1,625 
        NE |        74         87         12         61         38 |     1,240 
        NV |         9        111          6         75         25 |     1,187 
        NH |         8         98          6         50         45 |     1,212 
        NJ |         2        104          8         98        105 |     1,534 
        NM |        23        135          3         58         32 |     1,321 
        NY |         9        203         11        142        198 |     3,189 
        NC |        23        110         17        140         95 |     1,873 
        ND |        98        185         15         78         47 |     1,580 
        OH |        26        173         28        118         88 |     2,069 
        OK |        51        143          9         65         32 |     1,274 
        OR |        25         97          5         49         29 |     1,376 
        PA |        26        131         19        150         98 |     2,327 
        RI |         3         41          2         27         40 |       738 
        SC |        20         75          5         75         34 |     1,299 
        SD |        73         92          7         46         58 |     1,113 
        TN |        20        105         14        135         22 |     1,591 
        TX |        40        510         32        282        158 |     4,528 
        UT |         6        114         11         70         45 |     1,404 
        VT |        28         85          7         50         38 |     1,261 
        VA |         9         88          9         58         38 |     1,604 
        WA |        64        128          2         67         35 |     1,743 
        WV |        24        109         15         83         36 |     1,574 
        WI |        34         89         11         73         29 |     1,369 
        WY |        54        173          0         90         29 |     1,357 
-----------+-------------------------------------------------------+----------
     Total |     1,585      6,366        538      4,624      2,860 |    83,518 


           |             naic_id
  us_state |        77         88         99 |     Total
-----------+---------------------------------+----------
        AL |       110         91      1,165 |     1,657 
        AK |        71         68        614 |       971 
        AZ |        63         45        884 |     1,264 
        AR |        82         71      1,034 |     1,461 
        CA |       440        351      4,840 |     6,928 
        CO |        59         50        731 |     1,088 
        CT |        39         40        618 |       839 
        DE |        51         54        556 |       828 
        DC |        45        217        975 |     1,369 
        FL |       262        149      2,323 |     3,403 
        GA |       110         66      1,247 |     1,773 
        HI |        85         97        666 |     1,016 
        ID |        84         57      1,039 |     1,446 
        IL |       145         62      1,606 |     2,190 
        IN |        85         41      1,087 |     1,461 
        IA |        74         27        751 |     1,106 
        KS |        54         42        822 |     1,167 
        KY |        46         41        645 |       924 
        LA |       137         98      1,168 |     1,793 
        ME |        32         40        504 |       688 
        MD |        54        116        762 |     1,095 
        MA |        84         48      1,406 |     1,817 
        MI |       124         40      1,503 |     1,963 
        MN |        64         21        929 |     1,289 
        MS |        74         70        924 |     1,389 
        MO |        83         51        826 |     1,205 
        MT |       106         93      1,071 |     1,625 
        NE |        67         44        857 |     1,240 
        NV |       138         42        781 |     1,187 
        NH |        53         45        907 |     1,212 
        NJ |        70         57      1,090 |     1,534 
        NM |        83         78        909 |     1,321 
        NY |       175        157      2,294 |     3,189 
        NC |       112         72      1,304 |     1,873 
        ND |        74         57      1,026 |     1,580 
        OH |       141         80      1,415 |     2,069 
        OK |        81         48        845 |     1,274 
        OR |        74         77      1,020 |     1,376 
        PA |       125         69      1,709 |     2,327 
        RI |        55         45        525 |       738 
        SC |        76         58        956 |     1,299 
        SD |        49         42        746 |     1,113 
        TN |       119         62      1,114 |     1,591 
        TX |       266        179      3,061 |     4,528 
        UT |        63         58      1,037 |     1,404 
        VT |        58         69        926 |     1,261 
        VA |        60        162      1,180 |     1,604 
        WA |       125         68      1,254 |     1,743 
        WV |        90        113      1,104 |     1,574 
        WI |        67         51      1,015 |     1,369 
        WY |        78         81        852 |     1,357 
-----------+---------------------------------+----------
     Total |     4,962      3,960     58,623 |    83,518 

. 
. /*##########################################
> Fixed Effect Model by month
> ############################################*/
. * select month
. keep if hrmonth==5
(57,155 observations deleted)

. 
. * analysis each month seperately in a regresion
. reghdfe ///
> is_layoff ///
> i.gender is_poc is_asian is_hisp is_native ///
> age age2 ///cd cd 
> i.(is_citiz level_educ hh_income contract_type owns_business is_more1job no_chi
> ld marista housing_kind) ///
> [fweight=hh_weight] ///
> ,absorb(us_state naic_id) ///
> 
(MWFE estimator converged in 5 iterations)

HDFE Linear regression                            Number of obs   =  8.603e+11
Absorbing 2 HDFE groups                           F(  63, 8.6e+11)=   6.45e+08
                                                  Prob > F        =     0.0000
                                                  R-squared       =     0.1098
                                                  Adj R-squared   =     0.1098
                                                  Within R-sq.    =     0.0451
                                                  Root MSE        =     0.3034

--------------------------------------------------------------------------------
     is_layoff | Coefficient  Std. err.      t    P>|t|     [95% conf. interval]
---------------+----------------------------------------------------------------
        gender |
       FEMALE  |   .0261079   6.97e-07  3.7e+04   0.000     .0261065    .0261093
        is_poc |   .0204251   1.02e-06  2.0e+04   0.000     .0204231    .0204271
      is_asian |   .0343109   1.42e-06  2.4e+04   0.000     .0343081    .0343137
       is_hisp |  -.0355498   .0000112 -3185.09   0.000    -.0355717    -.035528
     is_native |  -.0109107   2.73e-06 -3997.11   0.000    -.0109161   -.0109054
           age |  -.0052213   1.54e-07 -3.4e+04   0.000    -.0052216    -.005221
          age2 |   .0000553   1.66e-09  3.3e+04   0.000     .0000553    .0000554
    1.is_citiz |    .011749   1.34e-06  8748.12   0.000     .0117464    .0117516
               |
    level_educ |
1ST, 2ND, 3..  |  -.0489897   .0000105 -4687.85   0.000    -.0490102   -.0489692
5TH OR 6TH ..  |  -.0597936   9.60e-06 -6228.48   0.000    -.0598124   -.0597748
7TH OR 8TH ..  |   .0154471   9.70e-06  1591.68   0.000     .0154281    .0154662
    9TH GRADE  |   -.015831   9.49e-06 -1668.68   0.000    -.0158496   -.0158124
   10TH GRADE  |   -.036045   9.36e-06 -3850.68   0.000    -.0360633   -.0360266
   11TH GRADE  |  -.0104686   9.25e-06 -1131.56   0.000    -.0104867   -.0104504
12TH GRADE ..  |  -.0147353   9.35e-06 -1576.79   0.000    -.0147536    -.014717
HIGH SCHOO..)  |  -.0312702   8.87e-06 -3524.09   0.000    -.0312876   -.0312528
SOME COLLEG..  |  -.0248227   8.90e-06 -2789.93   0.000    -.0248401   -.0248052
ASSOCIATE D..  |  -.0332184   8.99e-06 -3694.87   0.000    -.0332361   -.0332008
ASSOCIATE D..  |  -.0334085   8.96e-06 -3728.48   0.000     -.033426   -.0333909
BACHELOR'S..)  |  -.0644671   8.89e-06 -7254.00   0.000    -.0644845   -.0644496
MASTER'S D..)  |  -.0930028   8.92e-06 -1.0e+04   0.000    -.0930203   -.0929854
PROFESSION..)  |  -.0643026   9.20e-06 -6986.19   0.000    -.0643207   -.0642846
DOCTORATE ..)  |   -.101757   9.10e-06 -1.1e+04   0.000    -.1017749   -.1017392
               |
     hh_income |
5,000 TO 7,..  |  -.0946963   5.94e-06 -1.6e+04   0.000     -.094708   -.0946847
7,500 TO 9,..  |   .0317607   5.73e-06  5545.57   0.000     .0317494    .0317719
10,000 TO 1..  |  -.0102546   4.89e-06 -2097.42   0.000    -.0102642    -.010245
12,500 TO 1..  |  -.0697909   5.06e-06 -1.4e+04   0.000    -.0698008   -.0697809
15,000 TO 1..  |  -.0534429   4.41e-06 -1.2e+04   0.000    -.0534516   -.0534343
20,000 TO 2..  |  -.0732799   4.20e-06 -1.7e+04   0.000    -.0732881   -.0732716
25,000 TO 2..  |   -.077141   4.13e-06 -1.9e+04   0.000    -.0771491   -.0771329
30,000 TO 3..  |  -.0794873   4.06e-06 -2.0e+04   0.000    -.0794953   -.0794793
35,000 TO 3..  |  -.1012864   4.04e-06 -2.5e+04   0.000    -.1012944   -.1012785
40,000 TO 4..  |  -.1098262   3.92e-06 -2.8e+04   0.000    -.1098339   -.1098185
50,000 TO 5..  |  -.1147444   3.91e-06 -2.9e+04   0.000    -.1147521   -.1147368
60,000 TO 7..  |  -.1279592   3.88e-06 -3.3e+04   0.000    -.1279668   -.1279516
75,000 TO 9..  |  -.1449057   3.86e-06 -3.8e+04   0.000    -.1449132   -.1448981
100,000 TO ..  |  -.1646246   3.86e-06 -4.3e+04   0.000    -.1646321    -.164617
150,000 OR ..  |  -.1660867   3.87e-06 -4.3e+04   0.000    -.1660943   -.1660791
               |
 contract_type |
PART TIME L..  |    .017229   9.95e-07  1.7e+04   0.000     .0172271     .017231
               |
 owns_business |
           NO  |   .0358626   9.79e-07  3.7e+04   0.000     .0358607    .0358646
               |
   is_more1job |
           NO  |   .0910678   1.72e-06  5.3e+04   0.000     .0910644    .0910712
               |
      no_child |
BLANK  NO C..  |   .0031315   1.05e-06  2983.45   0.000     .0031294    .0031336
DON'T KNOW ..  |  -.0036245   1.11e-06 -3255.44   0.000    -.0036267   -.0036224
REFUSED  NO..  |  -.0001254   1.70e-06   -73.78   0.000    -.0001287    -.000122
            4  |   .0356777   2.91e-06  1.2e+04   0.000      .035672    .0356834
            5  |   .0312434   5.72e-06  5461.64   0.000     .0312322    .0312547
            6  |   .0291763   .0000108  2691.80   0.000     .0291551    .0291976
            7  |   .3339941   .0000191  1.8e+04   0.000     .3339568    .3340315
            8  |  -.0425511   .0000273 -1559.38   0.000    -.0426046   -.0424976
            9  |  -.0245665   .0000416  -590.30   0.000    -.0246481    -.024485
VALUE TO VA..  |   .7936982   .0000385  2.1e+04   0.000     .7936228    .7937736
               |
       marista |
MARRIED - S..  |   .0252761   2.68e-06  9432.47   0.000     .0252708    .0252813
      WIDOWED  |  -.0070567   2.28e-06 -3097.37   0.000    -.0070611   -.0070522
     DIVORCED  |  -.0162255   1.09e-06 -1.5e+04   0.000    -.0162277   -.0162234
    SEPARATED  |   .0191788   2.35e-06  8178.10   0.000     .0191742    .0191834
NEVER MARRIED  |    .005989   9.82e-07  6100.37   0.000     .0059871    .0059909
               |
  housing_kind |
HU IN NONTR..  |   .1543641   .0000173  8905.74   0.000     .1543301    .1543981
HU PERMANEN..  |   .1232001   .0000691  1784.10   0.000     .1230647    .1233354
HU IN ROOMI..  |   .1936376   .0000225  8615.46   0.000     .1935936    .1936817
MOBILE HOME..  |  -.0497271   2.03e-06 -2.5e+04   0.000    -.0497311   -.0497231
MOBILE HOME..  |  -.0565691   5.23e-06 -1.1e+04   0.000    -.0565794   -.0565589
HU NOT SPEC..  |  -.3761204    .000028 -1.3e+04   0.000    -.3761753   -.3760654
OTHER UNIT ..  |  -.0473471   .0000294 -1607.98   0.000    -.0474048   -.0472894
               |
         _cons |   .2673784   .0000104  2.6e+04   0.000      .267358    .2673988
--------------------------------------------------------------------------------

Absorbed degrees of freedom:
-----------------------------------------------------+
 Absorbed FE | Categories  - Redundant  = Num. Coefs |
-------------+---------------------------------------|
    us_state |        51           0          51     |
     naic_id |        40           1          39     |
-----------------------------------------------------+

. 
. /*##########################################
> Fixed effects Model across month
> ############################################*/
. use "data\layoff_discr\cps_main_prepro.dta", clear

. 
. * excludig consecutive observation of households
. sort hh_id

. quietly by hh_id:  gen dup = cond(_N==1,0,_n)

. keep if dup<=1
(38,427 observations deleted)

. 
. 
. 
. *set fixed effects reg
. 
. * third best
. reghdfe ///
> is_layoff ///
> i.gender is_poc is_asian is_hisp is_native ///
> age age2 new_deathpm new_casespm ///
> i.(is_citiz level_educ hh_income contract_type owns_business is_more1job no_chi
> ld marista housing_kind) ///
> ,absorb(us_state naic_id) ///
> cluster(hrmonth#naic_id)
(MWFE estimator converged in 5 iterations)

HDFE Linear regression                            Number of obs   =     44,961
Absorbing 2 HDFE groups                           F(  66,    118) =     526.52
Statistics robust to heteroskedasticity           Prob > F        =     0.0000
                                                  R-squared       =     0.0834
                                                  Adj R-squared   =     0.0802
                                                  Within R-sq.    =     0.0474
Number of clusters (hrmonth#naic_id) =        119 Root MSE        =     0.2646

                        (Std. err. adjusted for 119 clusters in hrmonth#naic_id)
--------------------------------------------------------------------------------
               |               Robust
     is_layoff | Coefficient  std. err.      t    P>|t|     [95% conf. interval]
---------------+----------------------------------------------------------------
        gender |
       FEMALE  |     .01368   .0049735     2.75   0.007      .003831     .023529
        is_poc |   .0075068    .003986     1.88   0.062    -.0003865    .0154001
      is_asian |   .0095513   .0070158     1.36   0.176    -.0043418    .0234444
       is_hisp |  -.0239316   .0581756    -0.41   0.682    -.1391352    .0912721
     is_native |   .0120209   .0074307     1.62   0.108    -.0026938    .0267357
           age |  -.0032638   .0012063    -2.71   0.008    -.0056526   -.0008751
          age2 |   .0000347   .0000127     2.73   0.007     9.53e-06    .0000598
   new_deathpm |   .0011917   .0002415     4.93   0.000     .0007134      .00167
   new_casespm |   .0073985   .0008545     8.66   0.000     .0057064    .0090907
    1.is_citiz |   .0043575   .0050333     0.87   0.388    -.0056099    .0143248
               |
    level_educ |
1ST, 2ND, 3..  |   .0334176   .0395561     0.84   0.400    -.0449142    .1117494
5TH OR 6TH ..  |   .0073047   .0349663     0.21   0.835     -.061938    .0765475
7TH OR 8TH ..  |   .0425978    .031902     1.34   0.184    -.0205768    .1057724
    9TH GRADE  |   .0497626   .0337944     1.47   0.144    -.0171595    .1166846
   10TH GRADE  |   .0451665   .0372313     1.21   0.228    -.0285616    .1188945
   11TH GRADE  |   .0436141   .0433489     1.01   0.316    -.0422285    .1294567
12TH GRADE ..  |   .0313531   .0383419     0.82   0.415    -.0445743    .1072805
HIGH SCHOO..)  |   .0283913    .033612     0.84   0.400    -.0381696    .0949522
SOME COLLEG..  |   .0307167   .0352885     0.87   0.386    -.0391641    .1005976
ASSOCIATE D..  |   .0242611   .0351229     0.69   0.491    -.0452918    .0938139
ASSOCIATE D..  |   .0227998   .0344628     0.66   0.510    -.0454459    .0910454
BACHELOR'S..)  |   .0028979   .0385505     0.08   0.940    -.0734425    .0792383
MASTER'S D..)  |   -.008897   .0418774    -0.21   0.832    -.0918257    .0740317
PROFESSION..)  |  -.0011739   .0411007    -0.03   0.977    -.0825645    .0802166
DOCTORATE ..)  |  -.0224039   .0447134    -0.50   0.617    -.1109486    .0661408
               |
     hh_income |
5,000 TO 7,..  |  -.0343773   .0317295    -1.08   0.281    -.0972103    .0284557
7,500 TO 9,..  |   .0331666   .0319891     1.04   0.302    -.0301806    .0965138
10,000 TO 1..  |   -.010665   .0248151    -0.43   0.668    -.0598057    .0384757
12,500 TO 1..  |   -.043608   .0202685    -2.15   0.033     -.083745   -.0034709
15,000 TO 1..  |  -.0317008   .0209073    -1.52   0.132     -.073103    .0097014
20,000 TO 2..  |   -.054569   .0228097    -2.39   0.018    -.0997384   -.0093995
25,000 TO 2..  |  -.0655857   .0226615    -2.89   0.005    -.1104617   -.0207098
30,000 TO 3..  |  -.0557998   .0201172    -2.77   0.006    -.0956373   -.0159622
35,000 TO 3..  |  -.0780207   .0193191    -4.04   0.000    -.1162777   -.0397637
40,000 TO 4..  |  -.0771331   .0229966    -3.35   0.001    -.1226726   -.0315936
50,000 TO 5..  |  -.0843997   .0265431    -3.18   0.002    -.1369624   -.0318371
60,000 TO 7..  |  -.0936346   .0265369    -3.53   0.001     -.146185   -.0410843
75,000 TO 9..  |   -.100987   .0282067    -3.58   0.000     -.156844     -.04513
100,000 TO ..  |  -.1110074   .0316607    -3.51   0.001    -.1737041   -.0483106
150,000 OR ..  |  -.1160469    .032797    -3.54   0.001    -.1809939      -.0511
               |
 contract_type |
PART TIME L..  |   .0253017   .0128495     1.97   0.051    -.0001438    .0507472
               |
 owns_business |
           NO  |   .0251234   .0062669     4.01   0.000     .0127133    .0375335
               |
   is_more1job |
           NO  |   .0652359   .0166194     3.93   0.000      .032325    .0981469
               |
      no_child |
BLANK  NO C..  |   .0058657    .003611     1.62   0.107     -.001285    .0130165
DON'T KNOW ..  |  -.0004625   .0026786    -0.17   0.863    -.0057669    .0048419
REFUSED  NO..  |   .0054972   .0063677     0.86   0.390    -.0071126     .018107
            4  |    .015556   .0080398     1.93   0.055    -.0003651    .0314771
            5  |   .0342385   .0252154     1.36   0.177    -.0156948    .0841718
            6  |   .0107171   .0232696     0.46   0.646     -.035363    .0567973
            7  |    .026368   .0742095     0.36   0.723    -.1205869     .173323
            8  |  -.0742347   .0226445    -3.28   0.001    -.1190771   -.0293924
            9  |  -.0463497   .0300107    -1.54   0.125     -.105779    .0130796
VALUE TO VA..  |  -.0498927    .028014    -1.78   0.077    -.1053682    .0055827
               |
       marista |
MARRIED - S..  |   .0126387   .0118943     1.06   0.290    -.0109154    .0361927
      WIDOWED  |  -.0110338    .008571    -1.29   0.200    -.0280068    .0059391
     DIVORCED  |  -.0023203    .003564    -0.65   0.516    -.0093779    .0047373
    SEPARATED  |   .0085367   .0087412     0.98   0.331    -.0087734    .0258467
NEVER MARRIED  |   .0050306   .0032906     1.53   0.129    -.0014856    .0115469
               |
  housing_kind |
HU IN NONTR..  |  -.0329884   .0562318    -0.59   0.559    -.1443428    .0783659
HU PERMANEN..  |   .0451973   .1746412     0.26   0.796    -.3006398    .3910343
HU IN ROOMI..  |   .1672968    .082066     2.04   0.044     .0047838    .3298098
MOBILE HOME..  |  -.0195538    .009186    -2.13   0.035    -.0377446   -.0013631
MOBILE HOME..  |   .0252889   .0335061     0.75   0.452    -.0410623    .0916402
HU NOT SPEC..  |  -.1105228   .0387042    -2.86   0.005    -.1871676    -.033878
UNOCCUPIED ..  |   -.105678   .0316314    -3.34   0.001    -.1683168   -.0430391
OTHER UNIT ..  |  -.0514897   .0283964    -1.81   0.072    -.1077223    .0047428
               |
         _cons |   .0829198   .0586019     1.41   0.160     -.033128    .1989676
--------------------------------------------------------------------------------

Absorbed degrees of freedom:
-----------------------------------------------------+
 Absorbed FE | Categories  - Redundant  = Num. Coefs |
-------------+---------------------------------------|
    us_state |        51           0          51     |
     naic_id |        40           1          39     |
-----------------------------------------------------+

. 
. reghdfe ///
> is_layoff ///
> i.gender is_poc is_asian is_hisp is_native ///
> age age2 new_deathpm new_casespm ///
> i.(is_citiz level_educ hh_income contract_type owns_business is_more1job no_chi
> ld marista housing_kind) ///
> ,absorb(us_state naic_id) ///
> cluster(us_state#naic_id)
(MWFE estimator converged in 5 iterations)

HDFE Linear regression                            Number of obs   =     44,961
Absorbing 2 HDFE groups                           F(  66,   1431) =      45.54
Statistics robust to heteroskedasticity           Prob > F        =     0.0000
                                                  R-squared       =     0.0834
                                                  Adj R-squared   =     0.0802
                                                  Within R-sq.    =     0.0474
Number of clusters (us_state#naic_id) =      1,432Root MSE        =     0.2646

                     (Std. err. adjusted for 1,432 clusters in us_state#naic_id)
--------------------------------------------------------------------------------
               |               Robust
     is_layoff | Coefficient  std. err.      t    P>|t|     [95% conf. interval]
---------------+----------------------------------------------------------------
        gender |
       FEMALE  |     .01368   .0030474     4.49   0.000     .0077022    .0196578
        is_poc |   .0075068    .004919     1.53   0.127    -.0021424     .017156
      is_asian |   .0095513   .0057417     1.66   0.096    -.0017117    .0208143
       is_hisp |  -.0239316   .0479192    -0.50   0.618     -.117931    .0700679
     is_native |   .0120209   .0114654     1.05   0.295    -.0104699    .0345118
           age |  -.0032638   .0005377    -6.07   0.000    -.0043186    -.002209
          age2 |   .0000347   5.69e-06     6.09   0.000     .0000235    .0000458
   new_deathpm |   .0011917   .0001912     6.23   0.000     .0008166    .0015667
   new_casespm |   .0073985   .0008488     8.72   0.000     .0057335    .0090636
    1.is_citiz |   .0043575   .0068182     0.64   0.523    -.0090173    .0177323
               |
    level_educ |
1ST, 2ND, 3..  |   .0334176   .0463789     0.72   0.471    -.0575604    .1243956
5TH OR 6TH ..  |   .0073047   .0372979     0.20   0.845    -.0658596    .0804691
7TH OR 8TH ..  |   .0425978   .0422765     1.01   0.314    -.0403329    .1255284
    9TH GRADE  |   .0497626   .0388595     1.28   0.201    -.0264651    .1259902
   10TH GRADE  |   .0451665   .0386389     1.17   0.243    -.0306284    .1209613
   11TH GRADE  |   .0436141   .0402362     1.08   0.279    -.0353141    .1225423
12TH GRADE ..  |   .0313531   .0426395     0.74   0.462    -.0522895    .1149956
HIGH SCHOO..)  |   .0283913   .0380051     0.75   0.455    -.0461604     .102943
SOME COLLEG..  |   .0307167   .0374408     0.82   0.412    -.0427281    .1041616
ASSOCIATE D..  |   .0242611   .0380824     0.64   0.524    -.0504423    .0989645
ASSOCIATE D..  |   .0227998   .0376358     0.61   0.545    -.0510275     .096627
BACHELOR'S..)  |   .0028979   .0373485     0.08   0.938    -.0703658    .0761617
MASTER'S D..)  |   -.008897   .0376355    -0.24   0.813    -.0827237    .0649297
PROFESSION..)  |  -.0011739   .0379331    -0.03   0.975    -.0755844    .0732366
DOCTORATE ..)  |  -.0224039   .0386181    -0.58   0.562     -.098158    .0533502
               |
     hh_income |
5,000 TO 7,..  |  -.0343773   .0289375    -1.19   0.235    -.0911419    .0223873
7,500 TO 9,..  |   .0331666   .0353972     0.94   0.349    -.0362693    .1026025
10,000 TO 1..  |   -.010665   .0236197    -0.45   0.652     -.056998     .035668
12,500 TO 1..  |   -.043608   .0253178    -1.72   0.085    -.0932719    .0060559
15,000 TO 1..  |  -.0317008   .0212369    -1.49   0.136    -.0733597    .0099581
20,000 TO 2..  |   -.054569   .0211391    -2.58   0.010     -.096036   -.0131019
25,000 TO 2..  |  -.0655857   .0201195    -3.26   0.001    -.1050526   -.0261189
30,000 TO 3..  |  -.0557998   .0196408    -2.84   0.005    -.0943277   -.0172719
35,000 TO 3..  |  -.0780207   .0203711    -3.83   0.000    -.1179811   -.0380603
40,000 TO 4..  |  -.0771331   .0202574    -3.81   0.000    -.1168705   -.0373957
50,000 TO 5..  |  -.0843997   .0198761    -4.25   0.000     -.123389   -.0454104
60,000 TO 7..  |  -.0936346   .0197705    -4.74   0.000    -.1324169   -.0548524
75,000 TO 9..  |   -.100987   .0203031    -4.97   0.000     -.140814   -.0611601
100,000 TO ..  |  -.1110074   .0202243    -5.49   0.000    -.1506798   -.0713349
150,000 OR ..  |  -.1160469   .0205008    -5.66   0.000    -.1562617   -.0758322
               |
 contract_type |
PART TIME L..  |   .0253017   .0052615     4.81   0.000     .0149807    .0356227
               |
 owns_business |
           NO  |   .0251234   .0036172     6.95   0.000     .0180279    .0322189
               |
   is_more1job |
           NO  |   .0652359   .0031112    20.97   0.000     .0591329     .071339
               |
      no_child |
BLANK  NO C..  |   .0058657   .0041229     1.42   0.155    -.0022218    .0139533
DON'T KNOW ..  |  -.0004625   .0039062    -0.12   0.906     -.008125       .0072
REFUSED  NO..  |   .0054972   .0056507     0.97   0.331    -.0055874    .0165818
            4  |    .015556   .0112765     1.38   0.168    -.0065642    .0376762
            5  |   .0342385   .0216858     1.58   0.115    -.0083009    .0767779
            6  |   .0107171   .0316448     0.34   0.735     -.051358    .0727923
            7  |    .026368   .0763427     0.35   0.730    -.1233875    .1761236
            8  |  -.0742347   .0191957    -3.87   0.000    -.1118894     -.03658
            9  |  -.0463497   .0340986    -1.36   0.174    -.1132382    .0205388
VALUE TO VA..  |  -.0498927   .0425628    -1.17   0.241    -.1333849    .0335994
               |
       marista |
MARRIED - S..  |   .0126387   .0110619     1.14   0.253    -.0090606     .034338
      WIDOWED  |  -.0110338   .0090836    -1.21   0.225    -.0288524    .0067848
     DIVORCED  |  -.0023203   .0038123    -0.61   0.543    -.0097987    .0051581
    SEPARATED  |   .0085367   .0086534     0.99   0.324     -.008438    .0255113
NEVER MARRIED  |   .0050306   .0037866     1.33   0.184    -.0023972    .0124584
               |
  housing_kind |
HU IN NONTR..  |  -.0329884   .0720623    -0.46   0.647    -.1743476    .1083707
HU PERMANEN..  |   .0451973   .1720918     0.26   0.793     -.292382    .3827765
HU IN ROOMI..  |   .1672968    .109128     1.53   0.125    -.0467712    .3813648
MOBILE HOME..  |  -.0195538   .0083868    -2.33   0.020    -.0360056   -.0031021
MOBILE HOME..  |   .0252889   .0232192     1.09   0.276    -.0202583    .0708362
HU NOT SPEC..  |  -.1105228   .0355875    -3.11   0.002    -.1803321   -.0407134
UNOCCUPIED ..  |   -.105678   .0129677    -8.15   0.000    -.1311156   -.0802403
OTHER UNIT ..  |  -.0514897   .0524494    -0.98   0.326    -.1543756    .0513962
               |
         _cons |   .0829198   .0449719     1.84   0.065    -.0052982    .1711378
--------------------------------------------------------------------------------

Absorbed degrees of freedom:
-----------------------------------------------------+
 Absorbed FE | Categories  - Redundant  = Num. Coefs |
-------------+---------------------------------------|
    us_state |        51           0          51     |
     naic_id |        40           1          39     |
-----------------------------------------------------+

. 
. 
. * second best
. reghdfe ///
> is_layoff ///
> i.gender is_poc is_asian is_hisp is_native ///
> age age2 ///
> i.(is_citiz level_educ hh_income contract_type owns_business is_more1job no_chi
> ld marista housing_kind) ///
> ,absorb(us_state#hrmonth naic_id) ///
> cluster(hrmonth#naic_id)
(MWFE estimator converged in 5 iterations)

HDFE Linear regression                            Number of obs   =     44,961
Absorbing 2 HDFE groups                           F(  64,    118) =     133.90
Statistics robust to heteroskedasticity           Prob > F        =     0.0000
                                                  R-squared       =     0.1070
                                                  Adj R-squared   =     0.1019
                                                  Within R-sq.    =     0.0303
Number of clusters (hrmonth#naic_id) =        119 Root MSE        =     0.2615

                        (Std. err. adjusted for 119 clusters in hrmonth#naic_id)
--------------------------------------------------------------------------------
               |               Robust
     is_layoff | Coefficient  std. err.      t    P>|t|     [95% conf. interval]
---------------+----------------------------------------------------------------
        gender |
       FEMALE  |   .0126089   .0052602     2.40   0.018     .0021922    .0230256
        is_poc |    .008893   .0042749     2.08   0.040     .0004274    .0173585
      is_asian |   .0103767   .0067694     1.53   0.128    -.0030285    .0237819
       is_hisp |  -.0094176      .0555    -0.17   0.866    -.1193228    .1004875
     is_native |   .0089045   .0068343     1.30   0.195    -.0046291    .0224382
           age |  -.0031249   .0011927    -2.62   0.010    -.0054867   -.0007631
          age2 |   .0000331   .0000125     2.65   0.009     8.36e-06    .0000578
    1.is_citiz |    .005289    .005159     1.03   0.307    -.0049272    .0155052
               |
    level_educ |
1ST, 2ND, 3..  |   .0203709   .0377824     0.54   0.591    -.0544485    .0951904
5TH OR 6TH ..  |  -.0081824   .0354831    -0.23   0.818    -.0784485    .0620838
7TH OR 8TH ..  |   .0318265   .0289062     1.10   0.273    -.0254155    .0890686
    9TH GRADE  |   .0351535   .0325014     1.08   0.282    -.0292081    .0995152
   10TH GRADE  |   .0291074   .0348476     0.84   0.405    -.0399003    .0981151
   11TH GRADE  |   .0267351   .0416706     0.64   0.522    -.0557841    .1092542
12TH GRADE ..  |   .0176015   .0353538     0.50   0.620    -.0524087    .0876116
HIGH SCHOO..)  |   .0133155   .0312925     0.43   0.671    -.0486522    .0752832
SOME COLLEG..  |   .0160357   .0332248     0.48   0.630    -.0497585    .0818299
ASSOCIATE D..  |   .0103464   .0331724     0.31   0.756    -.0553439    .0760367
ASSOCIATE D..  |   .0080355   .0323829     0.25   0.804    -.0560915    .0721625
BACHELOR'S..)  |  -.0120188   .0369666    -0.33   0.746    -.0852227    .0611851
MASTER'S D..)  |  -.0238835   .0408111    -0.59   0.560    -.1047005    .0569336
PROFESSION..)  |   -.016271   .0398116    -0.41   0.683    -.0951088    .0625667
DOCTORATE ..)  |  -.0385656   .0434674    -0.89   0.377     -.124643    .0475117
               |
     hh_income |
5,000 TO 7,..  |  -.0315763   .0313706    -1.01   0.316    -.0936987    .0305461
7,500 TO 9,..  |   .0352219   .0334493     1.05   0.294    -.0310168    .1014605
10,000 TO 1..  |  -.0071564   .0258444    -0.28   0.782    -.0583355    .0440226
12,500 TO 1..  |  -.0433398   .0197919    -2.19   0.031    -.0825331   -.0041465
15,000 TO 1..  |  -.0281483   .0210268    -1.34   0.183     -.069787    .0134905
20,000 TO 2..  |   -.053604   .0217931    -2.46   0.015    -.0967604   -.0104477
25,000 TO 2..  |  -.0628379   .0225857    -2.78   0.006    -.1075637   -.0181122
30,000 TO 3..  |   -.055011   .0199212    -2.76   0.007    -.0944603   -.0155616
35,000 TO 3..  |  -.0750826   .0185641    -4.04   0.000    -.1118445   -.0383207
40,000 TO 4..  |  -.0749695   .0220827    -3.39   0.001    -.1186993   -.0312397
50,000 TO 5..  |  -.0834426    .025718    -3.24   0.002    -.1343712    -.032514
60,000 TO 7..  |  -.0933056    .025461    -3.66   0.000    -.1437254   -.0428858
75,000 TO 9..  |  -.1004695   .0270073    -3.72   0.000    -.1539514   -.0469876
100,000 TO ..  |  -.1105248   .0302774    -3.65   0.000    -.1704823   -.0505672
150,000 OR ..  |  -.1165409   .0315866    -3.69   0.000    -.1790909   -.0539909
               |
 contract_type |
PART TIME L..  |   .0274216   .0130369     2.10   0.038      .001605    .0532382
               |
 owns_business |
           NO  |   .0255165   .0065619     3.89   0.000     .0125221    .0385109
               |
   is_more1job |
           NO  |   .0633829   .0171278     3.70   0.000     .0294651    .0973007
               |
      no_child |
BLANK  NO C..  |    .005247   .0036737     1.43   0.156    -.0020279    .0125219
DON'T KNOW ..  |  -.0017823   .0028126    -0.63   0.528     -.007352    .0037875
REFUSED  NO..  |   .0041209   .0066889     0.62   0.539    -.0091248    .0173667
            4  |   .0152481   .0082487     1.85   0.067    -.0010866    .0315828
            5  |   .0343606    .027357     1.26   0.212    -.0198138    .0885349
            6  |   .0095834   .0212877     0.45   0.653     -.032572    .0517389
            7  |   .0329542   .0782719     0.42   0.675    -.1220454    .1879538
            8  |  -.0733527    .012638    -5.80   0.000    -.0983793   -.0483261
            9  |  -.0385092   .0239946    -1.60   0.111     -.086025    .0090066
VALUE TO VA..  |  -.0553107   .0171214    -3.23   0.002    -.0892158   -.0214056
               |
       marista |
MARRIED - S..  |    .012796   .0110903     1.15   0.251    -.0091659    .0347579
      WIDOWED  |  -.0101775    .008055    -1.26   0.209    -.0261286    .0057737
     DIVORCED  |  -.0021099    .003981    -0.53   0.597    -.0099934    .0057735
    SEPARATED  |   .0082052   .0090363     0.91   0.366    -.0096891    .0260995
NEVER MARRIED  |   .0049551   .0035038     1.41   0.160    -.0019834    .0118936
               |
  housing_kind |
HU IN NONTR..  |   -.045107   .0573362    -0.79   0.433    -.1586483    .0684343
HU PERMANEN..  |   .0578378   .1857682     0.31   0.756    -.3100338    .4257094
HU IN ROOMI..  |   .1649611   .0898081     1.84   0.069    -.0128834    .3428056
MOBILE HOME..  |  -.0175668   .0092514    -1.90   0.060    -.0358871    .0007534
MOBILE HOME..  |   .0289921   .0342337     0.85   0.399       -.0388    .0967842
HU NOT SPEC..  |   -.099597   .0409744    -2.43   0.017    -.1807374   -.0184566
UNOCCUPIED ..  |  -.1460271   .0164289    -8.89   0.000    -.1785608   -.1134933
OTHER UNIT ..  |  -.0499729   .0290503    -1.72   0.088    -.1075004    .0075545
               |
         _cons |   .1405643   .0447888     3.14   0.002     .0518703    .2292583
--------------------------------------------------------------------------------

Absorbed degrees of freedom:
------------------------------------------------------------+
        Absorbed FE | Categories  - Redundant  = Num. Coefs |
--------------------+---------------------------------------|
   us_state#hrmonth |       153           0         153     |
            naic_id |        40           1          39     |
------------------------------------------------------------+

. 
. 
. * best option
. * There is variation across month and state as well as job, this variation caus
> es herteroskedacity, which we account for by clustering
. reghdfe ///
> is_layoff ///
> i.gender is_poc is_asian is_hisp is_native ///
> age age2 ///
> i.(is_citiz level_educ hh_income contract_type owns_business is_more1job no_chi
> ld marista housing_kind) ///
> ,absorb(us_state#hrmonth naic_id) ///
> cluster(hrmonth#naic_id us_state#hrmonth)
(MWFE estimator converged in 5 iterations)
Warning: VCV matrix was non-positive semi-definite; adjustment from Cameron, Gelb
> ach & Miller applied.
warning: missing F statistic; dropped variables due to collinearity or too few cl
> usters

HDFE Linear regression                            Number of obs   =     44,961
Absorbing 2 HDFE groups                           F(  64,    118) =          .
Statistics robust to heteroskedasticity           Prob > F        =          .
                                                  R-squared       =     0.1070
                                                  Adj R-squared   =     0.1019
Number of clusters (hrmonth#naic_id) =        119 Within R-sq.    =     0.0303
Number of clusters (us_state#hrmonth) =        153Root MSE        =     0.2615

       (Std. err. adjusted for 119 clusters in hrmonth#naic_id us_state#hrmonth)
--------------------------------------------------------------------------------
               |               Robust
     is_layoff | Coefficient  std. err.      t    P>|t|     [95% conf. interval]
---------------+----------------------------------------------------------------
        gender |
       FEMALE  |   .0126089   .0054145     2.33   0.022     .0018866    .0233311
        is_poc |    .008893   .0047704     1.86   0.065    -.0005538    .0183398
      is_asian |   .0103767   .0078577     1.32   0.189    -.0051836     .025937
       is_hisp |  -.0094176   .0474341    -0.20   0.843    -.1033501    .0845149
     is_native |   .0089045   .0091227     0.98   0.331    -.0091608    .0269699
           age |  -.0031249   .0011679    -2.68   0.009    -.0054377   -.0008121
          age2 |   .0000331   .0000122     2.71   0.008     8.91e-06    .0000573
    1.is_citiz |    .005289   .0047358     1.12   0.266    -.0040892    .0146672
               |
    level_educ |
1ST, 2ND, 3..  |   .0203709   .0463147     0.44   0.661    -.0713449    .1120867
5TH OR 6TH ..  |  -.0081824   .0400361    -0.20   0.838    -.0874648    .0711001
7TH OR 8TH ..  |   .0318265   .0348613     0.91   0.363    -.0372082    .1008613
    9TH GRADE  |   .0351535   .0343512     1.02   0.308    -.0328713    .1031784
   10TH GRADE  |   .0291074   .0372144     0.78   0.436    -.0445872     .102802
   11TH GRADE  |   .0267351   .0441986     0.60   0.546    -.0607902    .1142603
12TH GRADE ..  |   .0176015   .0416406     0.42   0.673    -.0648583    .1000613
HIGH SCHOO..)  |   .0133155    .035516     0.37   0.708    -.0570158    .0836468
SOME COLLEG..  |   .0160357   .0371439     0.43   0.667    -.0575194    .0895908
ASSOCIATE D..  |   .0103464   .0363155     0.28   0.776    -.0615681    .0822609
ASSOCIATE D..  |   .0080355   .0360283     0.22   0.824    -.0633104    .0793815
BACHELOR'S..)  |  -.0120188   .0404499    -0.30   0.767    -.0921206     .068083
MASTER'S D..)  |  -.0238835   .0443868    -0.54   0.592    -.1117815    .0640146
PROFESSION..)  |   -.016271   .0435183    -0.37   0.709    -.1024491     .069907
DOCTORATE ..)  |  -.0385656   .0475823    -0.81   0.419    -.1327915    .0556603
               |
     hh_income |
5,000 TO 7,..  |  -.0315763   .0312529    -1.01   0.314    -.0934656     .030313
7,500 TO 9,..  |   .0352219   .0341371     1.03   0.304     -.032379    .1028227
10,000 TO 1..  |  -.0071564   .0279417    -0.26   0.798    -.0624886    .0481757
12,500 TO 1..  |  -.0433398   .0198671    -2.18   0.031    -.0826821   -.0039974
15,000 TO 1..  |  -.0281483   .0193126    -1.46   0.148    -.0663924    .0100959
20,000 TO 2..  |   -.053604   .0204131    -2.63   0.010    -.0940275   -.0131805
25,000 TO 2..  |  -.0628379   .0214972    -2.92   0.004    -.1054083   -.0202676
30,000 TO 3..  |   -.055011   .0192606    -2.86   0.005    -.0931522   -.0168698
35,000 TO 3..  |  -.0750826   .0182422    -4.12   0.000     -.111207   -.0389582
40,000 TO 4..  |  -.0749695   .0210007    -3.57   0.001    -.1165566   -.0333825
50,000 TO 5..  |  -.0834426    .024848    -3.36   0.001    -.1326485   -.0342367
60,000 TO 7..  |  -.0933056   .0243163    -3.84   0.000    -.1414586   -.0451526
75,000 TO 9..  |  -.1004695   .0252613    -3.98   0.000    -.1504938   -.0504451
100,000 TO ..  |  -.1105248   .0291917    -3.79   0.000    -.1683323   -.0527172
150,000 OR ..  |  -.1165409   .0304065    -3.83   0.000    -.1767541   -.0563277
               |
 contract_type |
PART TIME L..  |   .0274216    .013291     2.06   0.041     .0011018    .0537415
               |
 owns_business |
           NO  |   .0255165   .0067142     3.80   0.000     .0122205    .0388125
               |
   is_more1job |
           NO  |   .0633829    .017387     3.65   0.000     .0289519    .0978139
               |
      no_child |
BLANK  NO C..  |    .005247   .0039549     1.33   0.187    -.0025848    .0130789
DON'T KNOW ..  |  -.0017823   .0031551    -0.56   0.573    -.0080303    .0044657
REFUSED  NO..  |   .0041209   .0076404     0.54   0.591    -.0110091    .0192509
            4  |   .0152481   .0091636     1.66   0.099    -.0028983    .0333945
            5  |   .0343606   .0272974     1.26   0.211    -.0196958    .0884169
            6  |   .0095834   .0271618     0.35   0.725    -.0442044    .0633713
            7  |   .0329542   .0813168     0.41   0.686    -.1280753    .1939837
            8  |  -.0733527    .017282    -4.24   0.000    -.1075759   -.0391295
            9  |  -.0385092   .0263685    -1.46   0.147    -.0907261    .0137077
VALUE TO VA..  |  -.0553107   .0193079    -2.86   0.005    -.0935457   -.0170757
               |
       marista |
MARRIED - S..  |    .012796   .0118839     1.08   0.284    -.0107373    .0363294
      WIDOWED  |  -.0101775   .0083519    -1.22   0.225    -.0267164    .0063615
     DIVORCED  |  -.0021099   .0043261    -0.49   0.627    -.0106768     .006457
    SEPARATED  |   .0082052   .0105451     0.78   0.438    -.0126769    .0290873
NEVER MARRIED  |   .0049551   .0037759     1.31   0.192    -.0025223    .0124325
               |
  housing_kind |
HU IN NONTR..  |   -.045107   .0617618    -0.73   0.467    -.1674123    .0771982
HU PERMANEN..  |   .0578378   .1961269     0.29   0.769    -.3305468    .4462224
HU IN ROOMI..  |   .1649611   .1149846     1.43   0.154    -.0627397     .392662
MOBILE HOME..  |  -.0175668   .0098514    -1.78   0.077    -.0370752    .0019416
MOBILE HOME..  |   .0289921   .0349394     0.83   0.408    -.0401974    .0981815
HU NOT SPEC..  |   -.099597   .0440961    -2.26   0.026    -.1869194   -.0122747
UNOCCUPIED ..  |  -.1460271   .0174947    -8.35   0.000    -.1806713   -.1113828
OTHER UNIT ..  |  -.0499729   .0355082    -1.41   0.162    -.1202888     .020343
               |
         _cons |   .1405643   .0473551     2.97   0.004     .0467883    .2343403
--------------------------------------------------------------------------------

Absorbed degrees of freedom:
------------------------------------------------------------+
        Absorbed FE | Categories  - Redundant  = Num. Coefs |
--------------------+---------------------------------------|
   us_state#hrmonth |       153         153           0    *|
            naic_id |        40           0          40     |
------------------------------------------------------------+
* = FE nested within cluster; treated as redundant for DoF computation

. 
. * robert meeting
. reghdfe ///
> is_layoff ///
> i.gender is_poc is_asian is_hisp is_native ///
> age age2 ///
> i.(is_citiz level_educ hh_income contract_type owns_business is_more1job no_chi
> ld marista housing_kind) ///
> ,absorb(us_state naic_id) ///
> cluster(hrmonth#naic_id us_state#hrmonth)
(MWFE estimator converged in 5 iterations)
Warning: VCV matrix was non-positive semi-definite; adjustment from Cameron, Gelb
> ach & Miller applied.
warning: missing F statistic; dropped variables due to collinearity or too few cl
> usters

HDFE Linear regression                            Number of obs   =     44,961
Absorbing 2 HDFE groups                           F(  64,    118) =          .
Statistics robust to heteroskedasticity           Prob > F        =          .
                                                  R-squared       =     0.0639
                                                  Adj R-squared   =     0.0607
Number of clusters (hrmonth#naic_id) =        119 Within R-sq.    =     0.0272
Number of clusters (us_state#hrmonth) =        153Root MSE        =     0.2674

       (Std. err. adjusted for 119 clusters in hrmonth#naic_id us_state#hrmonth)
--------------------------------------------------------------------------------
               |               Robust
     is_layoff | Coefficient  std. err.      t    P>|t|     [95% conf. interval]
---------------+----------------------------------------------------------------
        gender |
       FEMALE  |   .0138871   .0051839     2.68   0.008     .0036214    .0241527
        is_poc |   .0075978   .0045428     1.67   0.097    -.0013981    .0165938
      is_asian |   .0078322   .0082258     0.95   0.343    -.0084572    .0241216
       is_hisp |  -.0271519   .0466344    -0.58   0.562    -.1195006    .0651968
     is_native |   .0132535   .0089232     1.49   0.140    -.0044169    .0309239
           age |  -.0032178   .0011982    -2.69   0.008    -.0055905    -.000845
          age2 |   .0000341   .0000126     2.71   0.008     9.15e-06    .0000591
    1.is_citiz |   .0035219    .005142     0.68   0.495    -.0066608    .0137045
               |
    level_educ |
1ST, 2ND, 3..  |   .0395593   .0507533     0.78   0.437     -.060946    .1400646
5TH OR 6TH ..  |   .0125606   .0412468     0.30   0.761    -.0691194    .0942405
7TH OR 8TH ..  |   .0496624   .0394324     1.26   0.210    -.0284244    .1277493
    9TH GRADE  |   .0593506   .0375762     1.58   0.117    -.0150605    .1337616
   10TH GRADE  |   .0539275   .0413808     1.30   0.195    -.0280178    .1358729
   11TH GRADE  |   .0474056   .0477837     0.99   0.323    -.0472191    .1420302
12TH GRADE ..  |   .0378052   .0459941     0.82   0.413    -.0532758    .1288861
HIGH SCHOO..)  |   .0348748   .0390331     0.89   0.373    -.0424215     .112171
SOME COLLEG..  |   .0368196   .0406785     0.91   0.367    -.0437349    .1173741
ASSOCIATE D..  |   .0313597   .0393962     0.80   0.428    -.0466555    .1093749
ASSOCIATE D..  |   .0290062   .0390359     0.74   0.459    -.0482956     .106308
BACHELOR'S..)  |   .0093486   .0435295     0.21   0.830    -.0768516    .0955487
MASTER'S D..)  |  -.0020258   .0471396    -0.04   0.966     -.095375    .0913233
PROFESSION..)  |   .0072275   .0469689     0.15   0.878    -.0857837    .1002388
DOCTORATE ..)  |  -.0134415   .0505887    -0.27   0.791    -.1136209    .0867379
               |
     hh_income |
5,000 TO 7,..  |  -.0307933   .0321319    -0.96   0.340    -.0944231    .0328365
7,500 TO 9,..  |   .0352816   .0325799     1.08   0.281    -.0292355    .0997987
10,000 TO 1..  |  -.0109949   .0278051    -0.40   0.693    -.0660565    .0440668
12,500 TO 1..  |  -.0432938   .0210972    -2.05   0.042    -.0850719   -.0015156
15,000 TO 1..  |  -.0304129   .0192134    -1.58   0.116    -.0684606    .0076348
20,000 TO 2..  |  -.0521952   .0215735    -2.42   0.017    -.0949167   -.0094737
25,000 TO 2..  |  -.0646702   .0208141    -3.11   0.002    -.1058879   -.0234526
30,000 TO 3..  |  -.0541043   .0192002    -2.82   0.006     -.092126   -.0160826
35,000 TO 3..  |  -.0752686   .0193426    -3.89   0.000    -.1135722   -.0369651
40,000 TO 4..  |  -.0754903   .0210477    -3.59   0.000    -.1171704   -.0338101
50,000 TO 5..  |  -.0819681   .0252532    -3.25   0.002    -.1319763     -.03196
60,000 TO 7..  |  -.0907768   .0249175    -3.64   0.000    -.1401202   -.0414334
75,000 TO 9..  |  -.0971868   .0266568    -3.65   0.000    -.1499746   -.0443991
100,000 TO ..  |  -.1077878   .0300973    -3.58   0.000    -.1673886   -.0481869
150,000 OR ..  |  -.1128357   .0313921    -3.59   0.000    -.1750006   -.0506708
               |
 contract_type |
PART TIME L..  |   .0230196   .0133965     1.72   0.088    -.0035091    .0495482
               |
 owns_business |
           NO  |   .0251456   .0065785     3.82   0.000     .0121183    .0381729
               |
   is_more1job |
           NO  |   .0683176   .0165522     4.13   0.000     .0355398    .1010954
               |
      no_child |
BLANK  NO C..  |    .005049    .004025     1.25   0.212    -.0029216    .0130197
DON'T KNOW ..  |  -.0006929   .0031316    -0.22   0.825    -.0068943    .0055084
REFUSED  NO..  |   .0059497   .0076254     0.78   0.437    -.0091507    .0210501
            4  |   .0152609   .0091257     1.67   0.097    -.0028104    .0333322
            5  |   .0350464   .0251734     1.39   0.166    -.0148037    .0848965
            6  |   .0115552   .0283478     0.41   0.684    -.0445811    .0676915
            7  |    .025414   .0798463     0.32   0.751    -.1327035    .1835314
            8  |   -.063668   .0244559    -2.60   0.010    -.1120973   -.0152387
            9  |  -.0457011   .0412505    -1.11   0.270    -.1273882    .0359861
VALUE TO VA..  |  -.0081337   .0291693    -0.28   0.781    -.0658968    .0496295
               |
       marista |
MARRIED - S..  |   .0122415   .0129136     0.95   0.345    -.0133311     .037814
      WIDOWED  |  -.0112962   .0090744    -1.24   0.216     -.029266    .0066736
     DIVORCED  |  -.0023606    .004052    -0.58   0.561    -.0103847    .0056635
    SEPARATED  |   .0078624   .0106386     0.74   0.461     -.013205    .0289298
NEVER MARRIED  |   .0049109   .0035639     1.38   0.171    -.0021466    .0119685
               |
  housing_kind |
HU IN NONTR..  |  -.0417976   .0650158    -0.64   0.522    -.1705467    .0869514
HU PERMANEN..  |   .0421874   .1954086     0.22   0.829    -.3447749    .4291497
HU IN ROOMI..  |   .1668211   .1090739     1.53   0.129     -.049175    .3828171
MOBILE HOME..  |   -.020888   .0098879    -2.11   0.037    -.0404686   -.0013073
MOBILE HOME..  |   .0239984   .0343046     0.70   0.486    -.0439341    .0919309
HU NOT SPEC..  |  -.1156171   .0444807    -2.60   0.011     -.203701   -.0275333
UNOCCUPIED ..  |  -.1021264   .0503704    -2.03   0.045    -.2018735   -.0023793
OTHER UNIT ..  |  -.0693716   .0384412    -1.80   0.074    -.1454957    .0067524
               |
         _cons |   .1152047   .0680374     1.69   0.093    -.0195279    .2499373
--------------------------------------------------------------------------------

Absorbed degrees of freedom:
-----------------------------------------------------+
 Absorbed FE | Categories  - Redundant  = Num. Coefs |
-------------+---------------------------------------|
    us_state |        51           0          51     |
     naic_id |        40           1          39     |
-----------------------------------------------------+

. 
. * explain why two clusters and shortcomings
. * state#month
. * cluster on zip code level
. * discuss why note probit
. 
. * run heterogeniety analysis
. // * for i in state{
. //      local s2
. //      reg is_layoff 
. //      controll
. //      fixed effects industry
. //      save table
. // } across all three month
. 
. /*##########################################
> Further ideas
> ############################################*/
. * include avg. seasonal unemployment by state to reflect ususal economic flucti
> on
. * this would strengthen the correction for cyclical unemployment - to this poin
> t only based on exclusion of non-recent unemployment
. * two fixed effects 'absorb(state naic)', hrmonth as categorical or     absorb(
> naic) i.us_state#hrmonth
. 
. 
. 
end of do-file

